<?xml version="1.0" encoding="UTF-8"?>
<robot generator="Robot 6.1.1 (Python 3.11.5 on win32)" generated="20230829 23:31:14.368" rpa="false" schemaversion="4">
<suite id="s1" name="GherkinStyle" source="C:\narmada\Robotframework\ZalandoTC\GherkinStyle.robot">
<test id="s1-t1" name="ValidLoginTest in chrome" line="11">
<kw name="Given Open browser landing page" library="Resource">
<arg>chrome</arg>
<kw name="Open Browser" library="SeleniumLibrary">
<arg>${url}</arg>
<arg>${Browser}</arg>
<doc>Opens a new browser instance to the optional ``url``.</doc>
<msg timestamp="20230829 23:31:14.684" level="INFO">Opening browser 'chrome' to base url 'https://www.zalando.se/kvinna-home/'.</msg>
<status status="PASS" starttime="20230829 23:31:14.683" endtime="20230829 23:31:21.671"/>
</kw>
<kw name="Sleep" library="BuiltIn">
<arg>2</arg>
<doc>Pauses the test executed for the given time.</doc>
<msg timestamp="20230829 23:31:23.673" level="INFO">Slept 2 seconds</msg>
<status status="PASS" starttime="20230829 23:31:21.671" endtime="20230829 23:31:23.673"/>
</kw>
<kw name="Maximize Browser Window" library="SeleniumLibrary">
<doc>Maximizes current browser window.</doc>
<status status="PASS" starttime="20230829 23:31:23.673" endtime="20230829 23:31:28.019"/>
</kw>
<kw name="Sleep" library="BuiltIn">
<arg>6</arg>
<doc>Pauses the test executed for the given time.</doc>
<msg timestamp="20230829 23:31:34.021" level="INFO">Slept 6 seconds</msg>
<status status="PASS" starttime="20230829 23:31:28.020" endtime="20230829 23:31:34.021"/>
</kw>
<kw name="Set Browser Implicit Wait" library="SeleniumLibrary">
<arg>10</arg>
<doc>Sets the implicit wait value used by Selenium.</doc>
<status status="PASS" starttime="20230829 23:31:34.021" endtime="20230829 23:31:34.025"/>
</kw>
<kw name="Wait Until Page Contains Element" library="SeleniumLibrary">
<arg>xpath://button[@id='uc-btn-accept-banner']</arg>
<doc>Waits until the element ``locator`` appears on the current page.</doc>
<status status="PASS" starttime="20230829 23:31:34.026" endtime="20230829 23:31:34.077"/>
</kw>
<kw name="Click Element" library="SeleniumLibrary">
<arg>xpath://button[@id='uc-btn-accept-banner']</arg>
<doc>Click the element identified by ``locator``.</doc>
<msg timestamp="20230829 23:31:34.078" level="INFO">Clicking element 'xpath://button[@id='uc-btn-accept-banner']'.</msg>
<status status="PASS" starttime="20230829 23:31:34.077" endtime="20230829 23:31:34.947"/>
</kw>
<status status="PASS" starttime="20230829 23:31:14.682" endtime="20230829 23:31:34.948"/>
</kw>
<kw name="When Open login page">
<kw name="Navigate to Loginpage" library="Resource">
<kw name="Click Element" library="SeleniumLibrary">
<arg>id:header-user-account-icon</arg>
<doc>Click the element identified by ``locator``.</doc>
<msg timestamp="20230829 23:31:34.985" level="INFO">Clicking element 'id:header-user-account-icon'.</msg>
<status status="PASS" starttime="20230829 23:31:34.982" endtime="20230829 23:31:42.513"/>
</kw>
<status status="PASS" starttime="20230829 23:31:34.981" endtime="20230829 23:31:42.513"/>
</kw>
<status status="PASS" starttime="20230829 23:31:34.981" endtime="20230829 23:31:42.513"/>
</kw>
<kw name="And Pass robot@test.com and Stockholm123" sourcename="Pass ${Email} and ${Password}">
<kw name="Login with valid Credentials" library="Resource">
<kw name="Input Text" library="SeleniumLibrary">
<arg>id:login.email</arg>
<arg>${Email}</arg>
<doc>Types the given ``text`` into the text field identified by ``locator``.</doc>
<msg timestamp="20230829 23:31:42.516" level="INFO">Typing text 'robot@test.com' into text field 'id:login.email'.</msg>
<status status="PASS" starttime="20230829 23:31:42.515" endtime="20230829 23:31:43.075"/>
</kw>
<kw name="Input Text" library="SeleniumLibrary">
<arg>id:login.secret</arg>
<arg>${Password}</arg>
<doc>Types the given ``text`` into the text field identified by ``locator``.</doc>
<msg timestamp="20230829 23:31:43.076" level="INFO">Typing text 'Stockholm123' into text field 'id:login.secret'.</msg>
<status status="PASS" starttime="20230829 23:31:43.075" endtime="20230829 23:31:43.285"/>
</kw>
<status status="PASS" starttime="20230829 23:31:42.515" endtime="20230829 23:31:43.285"/>
</kw>
<status status="PASS" starttime="20230829 23:31:42.514" endtime="20230829 23:31:43.285"/>
</kw>
<kw name="Then Login should Pass">
<kw name="Submit Credentials" library="Resource">
<kw name="Click Element" library="SeleniumLibrary">
<arg>//body/div[@id='sso']/div[1]/div[2]/main[1]/div[1]/div[2]/div[1]/div[1]/div[1]/form[1]/button[1]</arg>
<doc>Click the element identified by ``locator``.</doc>
<msg timestamp="20230829 23:31:43.288" level="INFO">Clicking element '//body/div[@id='sso']/div[1]/div[2]/main[1]/div[1]/div[2]/div[1]/div[1]/div[1]/form[1]/button[1]'.</msg>
<status status="PASS" starttime="20230829 23:31:43.287" endtime="20230829 23:31:43.531"/>
</kw>
<status status="PASS" starttime="20230829 23:31:43.287" endtime="20230829 23:31:43.531"/>
</kw>
<status status="PASS" starttime="20230829 23:31:43.287" endtime="20230829 23:31:43.531"/>
</kw>
<kw name="Close Browser" library="SeleniumLibrary" type="TEARDOWN">
<doc>Closes the current browser.</doc>
<status status="PASS" starttime="20230829 23:31:43.534" endtime="20230829 23:31:46.041"/>
</kw>
<status status="PASS" starttime="20230829 23:31:14.682" endtime="20230829 23:31:46.043"/>
</test>
<test id="s1-t2" name="ValidLoginTest in firefox" line="16">
<kw name="Given Open browser landing page" library="Resource">
<arg>firefox</arg>
<kw name="Open Browser" library="SeleniumLibrary">
<arg>${url}</arg>
<arg>${Browser}</arg>
<doc>Opens a new browser instance to the optional ``url``.</doc>
<msg timestamp="20230829 23:31:46.048" level="INFO">Opening browser 'firefox' to base url 'https://www.zalando.se/kvinna-home/'.</msg>
<status status="PASS" starttime="20230829 23:31:46.047" endtime="20230829 23:32:00.033"/>
</kw>
<kw name="Sleep" library="BuiltIn">
<arg>2</arg>
<doc>Pauses the test executed for the given time.</doc>
<msg timestamp="20230829 23:32:02.035" level="INFO">Slept 2 seconds</msg>
<status status="PASS" starttime="20230829 23:32:00.033" endtime="20230829 23:32:02.035"/>
</kw>
<kw name="Maximize Browser Window" library="SeleniumLibrary">
<doc>Maximizes current browser window.</doc>
<status status="PASS" starttime="20230829 23:32:02.035" endtime="20230829 23:32:02.041"/>
</kw>
<kw name="Sleep" library="BuiltIn">
<arg>6</arg>
<doc>Pauses the test executed for the given time.</doc>
<msg timestamp="20230829 23:32:08.042" level="INFO">Slept 6 seconds</msg>
<status status="PASS" starttime="20230829 23:32:02.041" endtime="20230829 23:32:08.042"/>
</kw>
<kw name="Set Browser Implicit Wait" library="SeleniumLibrary">
<arg>10</arg>
<doc>Sets the implicit wait value used by Selenium.</doc>
<status status="PASS" starttime="20230829 23:32:08.043" endtime="20230829 23:32:08.049"/>
</kw>
<kw name="Wait Until Page Contains Element" library="SeleniumLibrary">
<arg>xpath://button[@id='uc-btn-accept-banner']</arg>
<doc>Waits until the element ``locator`` appears on the current page.</doc>
<status status="PASS" starttime="20230829 23:32:08.049" endtime="20230829 23:32:08.879"/>
</kw>
<kw name="Click Element" library="SeleniumLibrary">
<arg>xpath://button[@id='uc-btn-accept-banner']</arg>
<doc>Click the element identified by ``locator``.</doc>
<msg timestamp="20230829 23:32:08.881" level="INFO">Clicking element 'xpath://button[@id='uc-btn-accept-banner']'.</msg>
<msg timestamp="20230829 23:32:11.795" level="INFO" html="true">&lt;/td&gt;&lt;/tr&gt;&lt;tr&gt;&lt;td colspan="3"&gt;&lt;a href="selenium-screenshot-54.png"&gt;&lt;img src="selenium-screenshot-54.png" width="800px"&gt;&lt;/a&gt;</msg>
<msg timestamp="20230829 23:32:11.796" level="FAIL">ElementNotInteractableException: Message: Element &lt;button id="uc-btn-accept-banner" class="uc-btn uc-btn-primary"&gt; could not be scrolled into view
Stacktrace:
WebDriverError@chrome://marionette/content/error.js:175:5
ElementNotInteractableError@chrome://marionette/content/error.js:285:5
webdriverClickElement@chrome://marionette/content/interaction.js:159:11
interaction.clickElement@chrome://marionette/content/interaction.js:131:11
clickElement/&lt;@chrome://marionette/content/listener.js:1341:28
navigate/&lt;@chrome://marionette/content/listener.js:446:13
navigate@chrome://marionette/content/listener.js:447:7
clickElement@chrome://marionette/content/listener.js:1339:18
</msg>
<status status="FAIL" starttime="20230829 23:32:08.879" endtime="20230829 23:32:11.804"/>
</kw>
<status status="FAIL" starttime="20230829 23:31:46.046" endtime="20230829 23:32:11.805"/>
</kw>
<kw name="When Open login page">
<status status="NOT RUN" starttime="20230829 23:32:11.806" endtime="20230829 23:32:11.806"/>
</kw>
<kw name="And Pass robot@test.com and Stockholm123" sourcename="Pass ${Email} and ${Password}">
<status status="NOT RUN" starttime="20230829 23:32:11.807" endtime="20230829 23:32:11.807"/>
</kw>
<kw name="Then Login should Pass">
<status status="NOT RUN" starttime="20230829 23:32:11.808" endtime="20230829 23:32:11.808"/>
</kw>
<kw name="Close Browser" library="SeleniumLibrary" type="TEARDOWN">
<doc>Closes the current browser.</doc>
<status status="PASS" starttime="20230829 23:32:11.809" endtime="20230829 23:32:20.719"/>
</kw>
<status status="FAIL" starttime="20230829 23:31:46.045" endtime="20230829 23:32:20.720">ElementNotInteractableException: Message: Element &lt;button id="uc-btn-accept-banner" class="uc-btn uc-btn-primary"&gt; could not be scrolled into view
Stacktrace:
WebDriverError@chrome://marionette/content/error.js:175:5
ElementNotInteractableError@chrome://marionette/content/error.js:285:5
webdriverClickElement@chrome://marionette/content/interaction.js:159:11
interaction.clickElement@chrome://marionette/content/interaction.js:131:11
clickElement/&lt;@chrome://marionette/content/listener.js:1341:28
navigate/&lt;@chrome://marionette/content/listener.js:446:13
navigate@chrome://marionette/content/listener.js:447:7
clickElement@chrome://marionette/content/listener.js:1339:18
</status>
</test>
<test id="s1-t3" name="VerifyMenuItems in chrome" line="22">
<kw name="Given Open browser landing page" library="Resource">
<arg>chrome</arg>
<kw name="Open Browser" library="SeleniumLibrary">
<arg>${url}</arg>
<arg>${Browser}</arg>
<doc>Opens a new browser instance to the optional ``url``.</doc>
<msg timestamp="20230829 23:32:20.728" level="INFO">Opening browser 'chrome' to base url 'https://www.zalando.se/kvinna-home/'.</msg>
<status status="PASS" starttime="20230829 23:32:20.726" endtime="20230829 23:32:28.016"/>
</kw>
<kw name="Sleep" library="BuiltIn">
<arg>2</arg>
<doc>Pauses the test executed for the given time.</doc>
<msg timestamp="20230829 23:32:30.017" level="INFO">Slept 2 seconds</msg>
<status status="PASS" starttime="20230829 23:32:28.016" endtime="20230829 23:32:30.017"/>
</kw>
<kw name="Maximize Browser Window" library="SeleniumLibrary">
<doc>Maximizes current browser window.</doc>
<status status="PASS" starttime="20230829 23:32:30.017" endtime="20230829 23:32:30.572"/>
</kw>
<kw name="Sleep" library="BuiltIn">
<arg>6</arg>
<doc>Pauses the test executed for the given time.</doc>
<msg timestamp="20230829 23:32:36.582" level="INFO">Slept 6 seconds</msg>
<status status="PASS" starttime="20230829 23:32:30.572" endtime="20230829 23:32:36.582"/>
</kw>
<kw name="Set Browser Implicit Wait" library="SeleniumLibrary">
<arg>10</arg>
<doc>Sets the implicit wait value used by Selenium.</doc>
<status status="PASS" starttime="20230829 23:32:36.583" endtime="20230829 23:32:36.585"/>
</kw>
<kw name="Wait Until Page Contains Element" library="SeleniumLibrary">
<arg>xpath://button[@id='uc-btn-accept-banner']</arg>
<doc>Waits until the element ``locator`` appears on the current page.</doc>
<status status="PASS" starttime="20230829 23:32:36.585" endtime="20230829 23:32:36.608"/>
</kw>
<kw name="Click Element" library="SeleniumLibrary">
<arg>xpath://button[@id='uc-btn-accept-banner']</arg>
<doc>Click the element identified by ``locator``.</doc>
<msg timestamp="20230829 23:32:36.609" level="INFO">Clicking element 'xpath://button[@id='uc-btn-accept-banner']'.</msg>
<status status="PASS" starttime="20230829 23:32:36.608" endtime="20230829 23:32:36.825"/>
</kw>
<status status="PASS" starttime="20230829 23:32:20.726" endtime="20230829 23:32:36.825"/>
</kw>
<kw name="Then I validate the menu have Kvinna in the list">
<kw name="Validate the Header menu" library="Resource">
<kw name="Location Should Be" library="SeleniumLibrary">
<arg>${url}</arg>
<doc>Verifies that the current URL is exactly ``url``.</doc>
<msg timestamp="20230829 23:32:39.578" level="INFO">Current location is 'https://www.zalando.se/kvinna-home/'.</msg>
<status status="PASS" starttime="20230829 23:32:36.828" endtime="20230829 23:32:39.578"/>
</kw>
<kw name="Get WebElements" library="SeleniumLibrary">
<var>${Header_menu}</var>
<arg>xpath://body/div[4]/div[1]/x-wrapper-pre-shell[1]/x-wrapper-re-1-9[1]/div[1]/div[1]/div[1]/div[1]/div[1]/div[1]/div[1]/nav[1]</arg>
<doc>Returns a list of WebElement objects matching the ``locator``.</doc>
<msg timestamp="20230829 23:32:39.599" level="INFO">${Header_menu} = [&lt;selenium.webdriver.remote.webelement.WebElement (session="00956df73c6b4ee68563fe292f649eb5", element="D1C2D3C0C57D27067A7C9A9F081B90F1_element_48")&gt;]</msg>
<status status="PASS" starttime="20230829 23:32:39.578" endtime="20230829 23:32:39.599"/>
</kw>
<kw name="Create List" library="BuiltIn">
<var>${menu_list}</var>
<doc>Returns a list containing given items.</doc>
<msg timestamp="20230829 23:32:39.599" level="INFO">${menu_list} = []</msg>
<status status="PASS" starttime="20230829 23:32:39.599" endtime="20230829 23:32:39.599"/>
</kw>
<for flavor="IN">
<var>${element}</var>
<value>@{Header_menu}</value>
<iter>
<var name="${element}">&lt;selenium.webdriver.remote.webelement.WebElement (session="00956df73c6b4ee68563fe292f649eb5", element="D1C2D3C0C57D27067A7C9A9F081B90F1_element_48")&gt;</var>
<kw name="Get Text" library="SeleniumLibrary">
<var>${text}</var>
<arg>${element}</arg>
<doc>Returns the text value of the element identified by ``locator``.</doc>
<msg timestamp="20230829 23:32:39.624" level="INFO">${text} = Kvinna
Man
Barn</msg>
<status status="PASS" starttime="20230829 23:32:39.600" endtime="20230829 23:32:39.624"/>
</kw>
<kw name="Append To List" library="Collections">
<arg>${menu_list}</arg>
<arg>${text}</arg>
<doc>Adds ``values`` to the end of ``list``.</doc>
<status status="PASS" starttime="20230829 23:32:39.624" endtime="20230829 23:32:39.625"/>
</kw>
<status status="PASS" starttime="20230829 23:32:39.599" endtime="20230829 23:32:39.625"/>
</iter>
<status status="PASS" starttime="20230829 23:32:39.599" endtime="20230829 23:32:39.625"/>
</for>
<kw name="Log To Console" library="BuiltIn">
<arg>${menu_list}</arg>
<doc>Logs the given message to the console.</doc>
<status status="PASS" starttime="20230829 23:32:39.625" endtime="20230829 23:32:39.625"/>
</kw>
<kw name="Catenate" library="BuiltIn">
<var>${my_string}</var>
<arg>SEPARATOR=\</arg>
<arg>${menu_list}</arg>
<doc>Catenates the given items together and returns the resulted string.</doc>
<msg timestamp="20230829 23:32:39.625" level="INFO">${my_string} = ['Kvinna\nMan\nBarn']</msg>
<status status="PASS" starttime="20230829 23:32:39.625" endtime="20230829 23:32:39.625"/>
</kw>
<kw name="Should Contain" library="BuiltIn">
<arg>${my_string}</arg>
<arg>Kvinna</arg>
<doc>Fails if ``container`` does not contain ``item`` one or more times.</doc>
<status status="PASS" starttime="20230829 23:32:39.625" endtime="20230829 23:32:39.626"/>
</kw>
<status status="PASS" starttime="20230829 23:32:36.827" endtime="20230829 23:32:39.626"/>
</kw>
<status status="PASS" starttime="20230829 23:32:36.826" endtime="20230829 23:32:39.626"/>
</kw>
<kw name="Close Browser" library="SeleniumLibrary" type="TEARDOWN">
<doc>Closes the current browser.</doc>
<status status="PASS" starttime="20230829 23:32:39.627" endtime="20230829 23:32:41.922"/>
</kw>
<status status="PASS" starttime="20230829 23:32:20.725" endtime="20230829 23:32:41.924"/>
</test>
<test id="s1-t4" name="VerifyMenuItems in firefox" line="25">
<kw name="Given Open browser landing page" library="Resource">
<arg>firefox</arg>
<kw name="Open Browser" library="SeleniumLibrary">
<arg>${url}</arg>
<arg>${Browser}</arg>
<doc>Opens a new browser instance to the optional ``url``.</doc>
<msg timestamp="20230829 23:32:41.941" level="INFO">Opening browser 'firefox' to base url 'https://www.zalando.se/kvinna-home/'.</msg>
<status status="PASS" starttime="20230829 23:32:41.937" endtime="20230829 23:32:56.168"/>
</kw>
<kw name="Sleep" library="BuiltIn">
<arg>2</arg>
<doc>Pauses the test executed for the given time.</doc>
<msg timestamp="20230829 23:32:58.170" level="INFO">Slept 2 seconds</msg>
<status status="PASS" starttime="20230829 23:32:56.169" endtime="20230829 23:32:58.170"/>
</kw>
<kw name="Maximize Browser Window" library="SeleniumLibrary">
<doc>Maximizes current browser window.</doc>
<status status="PASS" starttime="20230829 23:32:58.170" endtime="20230829 23:32:58.175"/>
</kw>
<kw name="Sleep" library="BuiltIn">
<arg>6</arg>
<doc>Pauses the test executed for the given time.</doc>
<msg timestamp="20230829 23:33:04.175" level="INFO">Slept 6 seconds</msg>
<status status="PASS" starttime="20230829 23:32:58.175" endtime="20230829 23:33:04.175"/>
</kw>
<kw name="Set Browser Implicit Wait" library="SeleniumLibrary">
<arg>10</arg>
<doc>Sets the implicit wait value used by Selenium.</doc>
<status status="PASS" starttime="20230829 23:33:04.175" endtime="20230829 23:33:04.180"/>
</kw>
<kw name="Wait Until Page Contains Element" library="SeleniumLibrary">
<arg>xpath://button[@id='uc-btn-accept-banner']</arg>
<doc>Waits until the element ``locator`` appears on the current page.</doc>
<status status="PASS" starttime="20230829 23:33:04.180" endtime="20230829 23:33:04.652"/>
</kw>
<kw name="Click Element" library="SeleniumLibrary">
<arg>xpath://button[@id='uc-btn-accept-banner']</arg>
<doc>Click the element identified by ``locator``.</doc>
<msg timestamp="20230829 23:33:04.653" level="INFO">Clicking element 'xpath://button[@id='uc-btn-accept-banner']'.</msg>
<status status="PASS" starttime="20230829 23:33:04.652" endtime="20230829 23:33:06.215"/>
</kw>
<status status="PASS" starttime="20230829 23:32:41.934" endtime="20230829 23:33:06.215"/>
</kw>
<kw name="Then I validate the menu have Kvinna in the list">
<kw name="Validate the Header menu" library="Resource">
<kw name="Location Should Be" library="SeleniumLibrary">
<arg>${url}</arg>
<doc>Verifies that the current URL is exactly ``url``.</doc>
<msg timestamp="20230829 23:33:06.223" level="INFO">Current location is 'https://www.zalando.se/kvinna-home/'.</msg>
<status status="PASS" starttime="20230829 23:33:06.217" endtime="20230829 23:33:06.224"/>
</kw>
<kw name="Get WebElements" library="SeleniumLibrary">
<var>${Header_menu}</var>
<arg>xpath://body/div[4]/div[1]/x-wrapper-pre-shell[1]/x-wrapper-re-1-9[1]/div[1]/div[1]/div[1]/div[1]/div[1]/div[1]/div[1]/nav[1]</arg>
<doc>Returns a list of WebElement objects matching the ``locator``.</doc>
<msg timestamp="20230829 23:33:06.644" level="INFO">${Header_menu} = [&lt;selenium.webdriver.remote.webelement.WebElement (session="4eab8bd3-d4d3-48c2-a58f-1d93bdd53490", element="600f6e78-83b7-4b12-beb2-935d2d00439b")&gt;]</msg>
<status status="PASS" starttime="20230829 23:33:06.224" endtime="20230829 23:33:06.644"/>
</kw>
<kw name="Create List" library="BuiltIn">
<var>${menu_list}</var>
<doc>Returns a list containing given items.</doc>
<msg timestamp="20230829 23:33:06.645" level="INFO">${menu_list} = []</msg>
<status status="PASS" starttime="20230829 23:33:06.644" endtime="20230829 23:33:06.645"/>
</kw>
<for flavor="IN">
<var>${element}</var>
<value>@{Header_menu}</value>
<iter>
<var name="${element}">&lt;selenium.webdriver.remote.webelement.WebElement (session="4eab8bd3-d4d3-48c2-a58f-1d93bdd53490", element="600f6e78-83b7-4b12-beb2-935d2d00439b")&gt;</var>
<kw name="Get Text" library="SeleniumLibrary">
<var>${text}</var>
<arg>${element}</arg>
<doc>Returns the text value of the element identified by ``locator``.</doc>
<msg timestamp="20230829 23:33:06.878" level="INFO">${text} = Kvinna
Man
Barn</msg>
<status status="PASS" starttime="20230829 23:33:06.646" endtime="20230829 23:33:06.878"/>
</kw>
<kw name="Append To List" library="Collections">
<arg>${menu_list}</arg>
<arg>${text}</arg>
<doc>Adds ``values`` to the end of ``list``.</doc>
<status status="PASS" starttime="20230829 23:33:06.878" endtime="20230829 23:33:06.879"/>
</kw>
<status status="PASS" starttime="20230829 23:33:06.645" endtime="20230829 23:33:06.879"/>
</iter>
<status status="PASS" starttime="20230829 23:33:06.645" endtime="20230829 23:33:06.879"/>
</for>
<kw name="Log To Console" library="BuiltIn">
<arg>${menu_list}</arg>
<doc>Logs the given message to the console.</doc>
<status status="PASS" starttime="20230829 23:33:06.879" endtime="20230829 23:33:06.880"/>
</kw>
<kw name="Catenate" library="BuiltIn">
<var>${my_string}</var>
<arg>SEPARATOR=\</arg>
<arg>${menu_list}</arg>
<doc>Catenates the given items together and returns the resulted string.</doc>
<msg timestamp="20230829 23:33:06.881" level="INFO">${my_string} = ['Kvinna\nMan\nBarn']</msg>
<status status="PASS" starttime="20230829 23:33:06.881" endtime="20230829 23:33:06.881"/>
</kw>
<kw name="Should Contain" library="BuiltIn">
<arg>${my_string}</arg>
<arg>Kvinna</arg>
<doc>Fails if ``container`` does not contain ``item`` one or more times.</doc>
<status status="PASS" starttime="20230829 23:33:06.881" endtime="20230829 23:33:06.882"/>
</kw>
<status status="PASS" starttime="20230829 23:33:06.216" endtime="20230829 23:33:06.882"/>
</kw>
<status status="PASS" starttime="20230829 23:33:06.216" endtime="20230829 23:33:06.882"/>
</kw>
<kw name="Close Browser" library="SeleniumLibrary" type="TEARDOWN">
<doc>Closes the current browser.</doc>
<status status="PASS" starttime="20230829 23:33:06.883" endtime="20230829 23:33:22.311"/>
</kw>
<status status="PASS" starttime="20230829 23:32:41.931" endtime="20230829 23:33:22.313"/>
</test>
<status status="FAIL" starttime="20230829 23:31:14.371" endtime="20230829 23:33:22.318"/>
</suite>
<statistics>
<total>
<stat pass="3" fail="1" skip="0">All Tests</stat>
</total>
<tag>
</tag>
<suite>
<stat pass="3" fail="1" skip="0" id="s1" name="GherkinStyle">GherkinStyle</stat>
</suite>
</statistics>
<errors>
</errors>
</robot>
